2022-07-31 17:19:14,238 [Worker-5: Loading available Gradle versions] INFO  o.e.b.c.i.u.g.PublishedGradleVersions - Gradle version information cache is up-to-date. Trying to read.
2022-07-31 17:26:18,847 [Worker-7: Loading available Gradle versions] INFO  o.e.b.c.i.u.g.PublishedGradleVersions - Gradle version information cache is up-to-date. Trying to read.
2022-07-31 17:28:45,824 [Worker-2: Building] INFO  o.e.m.c.i.l.LifecycleMappingFactory - Using org.eclipse.m2e.jdt.JarLifecycleMapping lifecycle mapping for MavenProject: April02NeostoxIDProject:April02NeostoxIDProject:0.0.1-SNAPSHOT @ C:\Users\bhushan shinde\eclipse-workspace\April02DalalStreetProject (1).zip_expanded\April02DalalStreetProject\pom.xml.
2022-07-31 17:28:56,707 [Worker-2: Building] INFO  o.e.m.c.i.embedder.EclipseLogger - Using 'UTF-8' encoding to copy filtered resources.
2022-07-31 17:28:56,708 [Worker-2: Building] INFO  o.e.m.c.i.embedder.EclipseLogger - skip non existing resourceDirectory C:\Users\bhushan shinde\eclipse-workspace\April02DalalStreetProject (1).zip_expanded\April02DalalStreetProject\src\main\resources
2022-07-31 17:28:56,712 [Worker-2: Building] INFO  o.e.m.c.i.embedder.EclipseLogger - Using 'UTF-8' encoding to copy filtered resources.
2022-07-31 17:28:56,712 [Worker-2: Building] INFO  o.e.m.c.i.embedder.EclipseLogger - skip non existing resourceDirectory C:\Users\bhushan shinde\eclipse-workspace\April02DalalStreetProject (1).zip_expanded\April02DalalStreetProject\src\test\resources
2022-07-31 17:29:02,336 [Worker-1: Building] INFO  o.e.m.c.i.embedder.EclipseLogger - Using 'UTF-8' encoding to copy filtered resources.
2022-07-31 17:29:02,337 [Worker-1: Building] INFO  o.e.m.c.i.embedder.EclipseLogger - skip non existing resourceDirectory C:\Users\bhushan shinde\eclipse-workspace\April02DalalStreetProject (1).zip_expanded\April02DalalStreetProject\src\main\resources
2022-07-31 17:29:02,340 [Worker-1: Building] INFO  o.e.m.c.i.embedder.EclipseLogger - Using 'UTF-8' encoding to copy filtered resources.
2022-07-31 17:29:02,340 [Worker-1: Building] INFO  o.e.m.c.i.embedder.EclipseLogger - skip non existing resourceDirectory C:\Users\bhushan shinde\eclipse-workspace\April02DalalStreetProject (1).zip_expanded\April02DalalStreetProject\src\test\resources
2022-07-31 17:30:36,228 [Worker-10: Updating Maven Dependencies] INFO  o.e.m.c.i.l.LifecycleMappingFactory - Using org.eclipse.m2e.jdt.JarLifecycleMapping lifecycle mapping for MavenProject: Dalalstreet_automation_Project:Dalalstreet_automation_Project:0.0.1-SNAPSHOT @ C:\Users\bhushan shinde\eclipse-workspace\Dalalstreet_automation_Project\pom.xml.
2022-07-31 17:30:36,544 [Worker-5: Building] INFO  o.e.m.c.i.l.LifecycleMappingFactory - Using org.eclipse.m2e.jdt.JarLifecycleMapping lifecycle mapping for MavenProject: Dalalstreet_automation_Project:Dalalstreet_automation_Project:0.0.1-SNAPSHOT @ C:\Users\bhushan shinde\eclipse-workspace\Dalalstreet_automation_Project\pom.xml.
2022-07-31 17:31:02,617 [Worker-5: Building] INFO  o.e.m.c.i.embedder.EclipseLogger - Using 'UTF-8' encoding to copy filtered resources.
2022-07-31 17:31:02,617 [Worker-5: Building] INFO  o.e.m.c.i.embedder.EclipseLogger - skip non existing resourceDirectory C:\Users\bhushan shinde\eclipse-workspace\Dalalstreet_automation_Project\src\main\resources
2022-07-31 17:31:02,621 [Worker-5: Building] INFO  o.e.m.c.i.embedder.EclipseLogger - Using 'UTF-8' encoding to copy filtered resources.
2022-07-31 17:31:02,621 [Worker-5: Building] INFO  o.e.m.c.i.embedder.EclipseLogger - skip non existing resourceDirectory C:\Users\bhushan shinde\eclipse-workspace\Dalalstreet_automation_Project\src\test\resources
2022-07-31 17:31:04,105 [Worker-9: Updating Maven Dependencies] INFO  o.e.m.c.i.l.LifecycleMappingFactory - Using org.eclipse.m2e.jdt.JarLifecycleMapping lifecycle mapping for MavenProject: Dalalstreet_automation_Project:Dalalstreet_automation_Project:0.0.1-SNAPSHOT @ C:\Users\bhushan shinde\eclipse-workspace\Dalalstreet_automation_Project\pom.xml.
2022-07-31 17:31:09,492 [Worker-8: Building] INFO  o.e.m.c.i.embedder.EclipseLogger - Using 'UTF-8' encoding to copy filtered resources.
2022-07-31 17:31:09,524 [Worker-8: Building] INFO  o.e.m.c.i.embedder.EclipseLogger - skip non existing resourceDirectory C:\Users\bhushan shinde\eclipse-workspace\Dalalstreet_automation_Project\src\main\resources
2022-07-31 17:31:09,533 [Worker-8: Building] INFO  o.e.m.c.i.embedder.EclipseLogger - Using 'UTF-8' encoding to copy filtered resources.
2022-07-31 17:31:09,534 [Worker-8: Building] INFO  o.e.m.c.i.embedder.EclipseLogger - skip non existing resourceDirectory C:\Users\bhushan shinde\eclipse-workspace\Dalalstreet_automation_Project\src\test\resources
2022-07-31 17:31:11,282 [Worker-4: Building] INFO  o.e.m.c.i.embedder.EclipseLogger - Using 'UTF-8' encoding to copy filtered resources.
2022-07-31 17:31:11,283 [Worker-4: Building] INFO  o.e.m.c.i.embedder.EclipseLogger - skip non existing resourceDirectory C:\Users\bhushan shinde\eclipse-workspace\Dalalstreet_automation_Project\src\main\resources
2022-07-31 17:31:11,286 [Worker-4: Building] INFO  o.e.m.c.i.embedder.EclipseLogger - Using 'UTF-8' encoding to copy filtered resources.
2022-07-31 17:31:11,287 [Worker-4: Building] INFO  o.e.m.c.i.embedder.EclipseLogger - skip non existing resourceDirectory C:\Users\bhushan shinde\eclipse-workspace\Dalalstreet_automation_Project\src\test\resources
